<?xml version='1.0'?>
<ns2:test-suite xmlns:ns2='urn:model.allure.qatools.yandex.ru' start='1658322800290' stop='1658322802882'>
    <name>Adding moisturisers to the cart: Add two moisturizers to the cart that meet specific criteria</name>
    <title>Adding moisturisers to the cart: Add two moisturizers to the cart that meet specific criteria</title>
    <test-cases>
        <test-case start='1658322800290' status='passed' stop='1658322800291'>
            <name></name>
            <title></title>
            <labels>
                <label name='language' value='javascript'/>
                <label name='framework' value='wdio'/>
                <label name='thread' value='0-0'/>
            </labels>
            <parameters>
                <parameter kind='argument' name='browser' value='chrome-103.0.5060.114'/>
            </parameters>
            <steps/>
            <attachments/>
        </test-case>
        <test-case start='1658322800291' status='passed' stop='1658322802692'>
            <name>Given the browser is at the "Moisturizers" page</name>
            <title>Given the browser is at the "Moisturizers" page</title>
            <labels>
                <label name='language' value='javascript'/>
                <label name='framework' value='wdio'/>
                <label name='thread' value='0-0'/>
            </labels>
            <parameters>
                <parameter kind='argument' name='browser' value='chrome-103.0.5060.114'/>
            </parameters>
            <steps>
                <step start='1658322800294' status='passed' stop='1658322802690'>
                    <name>POST /session/:sessionId/url</name>
                    <title>POST /session/:sessionId/url</title>
                    <attachments>
                        <attachment title='Request' source='0ce7b95f-ad9d-4ce9-a56b-fcc9cbb9bd51-attachment.json' type='application/json' size='68'/>
                    </attachments>
                    <steps/>
                </step>
            </steps>
            <attachments/>
        </test-case>
        <test-case start='1658322802692' status='broken' stop='1658322802877'>
            <name>When the moisturizer is least expensive and contains "Aloe" in the name</name>
            <title>When the moisturizer is least expensive and contains "Aloe" in the name</title>
            <labels>
                <label name='language' value='javascript'/>
                <label name='framework' value='wdio'/>
                <label name='thread' value='0-0'/>
            </labels>
            <parameters>
                <parameter kind='argument' name='browser' value='chrome-103.0.5060.114'/>
            </parameters>
            <steps>
                <step start='1658322802695' status='passed' stop='1658322802719'>
                    <name>POST /session/:sessionId/elements</name>
                    <title>POST /session/:sessionId/elements</title>
                    <attachments>
                        <attachment title='Request' source='e98e922e-82e6-4842-93cc-665024fa86be-attachment.json' type='application/json' size='116'/>
                        <attachment title='Response' source='279193a9-42e1-4303-948c-61f2818b9f2e-attachment.json' type='application/json' size='275'/>
                    </attachments>
                    <steps/>
                </step>
                <step start='1658322802733' status='passed' stop='1658322802754'>
                    <name>POST /session/:sessionId/elements</name>
                    <title>POST /session/:sessionId/elements</title>
                    <attachments>
                        <attachment title='Request' source='26514f50-886d-4c03-8f96-83cd564e37f2-attachment.json' type='application/json' size='95'/>
                        <attachment title='Response' source='743bc354-6886-4f50-a2c0-49ac77342c24-attachment.json' type='application/json' size='548'/>
                    </attachments>
                    <steps/>
                </step>
                <step start='1658322802769' status='broken' stop='1658322802877'>
                    <name>POST /session/:sessionId/elements</name>
                    <title>POST /session/:sessionId/elements</title>
                    <attachments>
                        <attachment title='Request' source='4b4414ba-b4fb-4a52-9b9c-5aa4466050c2-attachment.json' type='application/json' size='129'/>
                    </attachments>
                    <steps/>
                </step>
            </steps>
            <attachments/>
            <failure>
                <message>invalid selector: The selector "d//p[contains(@class, 'top-space-10')][contains(.,'Aloe')] /following-sibling::button" used with strategy "css selector" is invalid! For more information on selectors visit the WebdriverIO docs at: https://webdriver.io/docs/selectors</message>
                <stack-trace>invalid selector: The selector "d//p[contains(@class, 'top-space-10')][contains(.,'Aloe')] /following-sibling::button" used with strategy "css selector" is invalid! For more information on selectors visit the WebdriverIO docs at: https://webdriver.io/docs/selectors
                    at getErrorFromResponseBody (D:\Task\Weather_Shopper_task\node_modules\webdriver\build\utils.js:198:12)
                    at NodeJSRequest._request (D:\Task\Weather_Shopper_task\node_modules\webdriver\build\request\index.js:166:60)
                    at processTicksAndRejections (node:internal/process/task_queues:96:5)
                    at Browser.wrapCommandFn (D:\Task\Weather_Shopper_task\node_modules\@wdio\utils\build\shim.js:137:29)
                    at Browser.$$ (D:\Task\Weather_Shopper_task\node_modules\webdriverio\build\commands\browser\$$.js:53:17)
                    at Browser.wrapCommandFn (D:\Task\Weather_Shopper_task\node_modules\@wdio\utils\build\shim.js:137:29)
                    at World.&lt;anonymous> (D:\Task\Weather_Shopper_task\Step-Defs\Home_page_step-defs\/Product_purchase_defs.js:12:39)</stack-trace>
            </failure>
        </test-case>
        <test-case start='1658322802878' status='broken' stop='1658322802879'>
            <name>And the user clicks on "Add"</name>
            <title>And the user clicks on "Add"</title>
            <labels>
                <label name='language' value='javascript'/>
                <label name='framework' value='wdio'/>
                <label name='thread' value='0-0'/>
            </labels>
            <parameters>
                <parameter kind='argument' name='browser' value='chrome-103.0.5060.114'/>
            </parameters>
            <steps/>
            <attachments/>
            <failure>
                <message>Step "the user clicks on "Add"" is not defined. You can ignore this error by setting cucumberOpts.ignoreUndefinedDefinitions as true.</message>
                <stack-trace>Step "the user clicks on "Add"" is not defined. You can ignore this error by setting cucumberOpts.ignoreUndefinedDefinitions as true.
                	at Feature(D:\Task\Weather_Shopper_task\features\Product_prchase\Purchase_moisturiser.feature):1:1
                	at Scenario(Add two moisturizers to the cart that meet specific criteria):5:3
                	at Step(the user clicks on "Add"):10:5
                </stack-trace>
            </failure>
        </test-case>
        <test-case start='1658322802879' status='broken' stop='1658322802879'>
            <name>Then the value of cart should be incremented</name>
            <title>Then the value of cart should be incremented</title>
            <labels>
                <label name='language' value='javascript'/>
                <label name='framework' value='wdio'/>
                <label name='thread' value='0-0'/>
            </labels>
            <parameters>
                <parameter kind='argument' name='browser' value='chrome-103.0.5060.114'/>
            </parameters>
            <steps/>
            <attachments/>
            <failure>
                <message>Step "the value of cart should be incremented" is not defined. You can ignore this error by setting cucumberOpts.ignoreUndefinedDefinitions as true.</message>
                <stack-trace>Step "the value of cart should be incremented" is not defined. You can ignore this error by setting cucumberOpts.ignoreUndefinedDefinitions as true.
                	at Feature(D:\Task\Weather_Shopper_task\features\Product_prchase\Purchase_moisturiser.feature):1:1
                	at Scenario(Add two moisturizers to the cart that meet specific criteria):5:3
                	at Step(the value of cart should be incremented):12:5
                </stack-trace>
            </failure>
        </test-case>
        <test-case start='1658322802880' status='passed' stop='1658322802881'>
            <name></name>
            <title></title>
            <labels>
                <label name='language' value='javascript'/>
                <label name='framework' value='wdio'/>
                <label name='thread' value='0-0'/>
            </labels>
            <parameters>
                <parameter kind='argument' name='browser' value='chrome-103.0.5060.114'/>
            </parameters>
            <steps/>
            <attachments/>
        </test-case>
    </test-cases>
</ns2:test-suite>